<?xml version="1.0" encoding="UTF-8"?>
<!-- Generated by org.testng.reporters.JUnitReportReporter -->
<testsuite hostname="Telaren-note" name="com.epam.webtest.pages.SendMailTest" tests="1" failures="0" timestamp="10 May 2015 12:08:27 GMT" time="52.893" errors="0">
  <testcase name="sendingMailTest" time="52.893" classname="com.epam.webtest.pages.SendMailTest"/>
</testsuite> <!-- com.epam.webtest.pages.SendMailTest -->
