<?xml version="1.0" encoding="UTF-8"?>
<!-- Generated by org.testng.reporters.JUnitReportReporter -->
<testsuite hostname="Telaren-note" name="com.epam.webtest.pages.loginTest" tests="1" failures="0" timestamp="8 May 2015 12:39:41 GMT" time="0.660" errors="0">
  <testcase name="testLogin" time="0.660" classname="com.epam.webtest.pages.loginTest"/>
</testsuite> <!-- com.epam.webtest.pages.loginTest -->
